Error!
	Code=214
	Msg=davidlgallimore@gmail.com is already subscribed to list Trial users. Click here to update your profile.
Error!
	Code=214
	Msg=davidlgallimore@gmail.com is already subscribed to list Trial users. Click here to update your profile.
Error!
	Code=214
	Msg=sharon.mathews@geigerpr.com is already subscribed to list Trial users. Click here to update your profile.
Error!
	Code=214
	Msg=bjagadish.07@gmail.com is already subscribed to list Trial users. Click here to update your profile.
Error!
	Code=214
	Msg=bjagadish.07@gmail.com is already subscribed to list Trial users. Click here to update your profile.
Error!
	Code=214
	Msg=bjagadish.07@gmail.com is already subscribed to list Trial users. Click here to update your profile.
Error!
	Code=214
	Msg=bjagadish.07@gmail.com is already subscribed to list Trial users. Click here to update your profile.
Error!
	Code=214
	Msg=bjagadish.07@gmail.com is already subscribed to list Trial users. Click here to update your profile.
Error!
	Code=214
	Msg=stefan.lundin@schneider-electric.com is already subscribed to list Trial users. Click here to update your profile.
Error!
	Code=214
	Msg=radhika.sood@ust-global.com is already subscribed to list Trial users. Click here to update your profile.
Error!
	Code=214
	Msg=yariki@i.ua is already subscribed to list Trial users. Click here to update your profile.
Error!
	Code=214
	Msg=vpayette@hotmail.com is already subscribed to list Trial users. Click here to update your profile.
Error!
	Code=214
	Msg=kooslge@gmail.com is already subscribed to list Trial users. Click here to update your profile.
Error!
	Code=214
	Msg=modi2006r@hotmail.com is already subscribed to list Trial users. Click here to update your profile.
Error!
	Code=214
	Msg=Alshamsi2000@outlook.com is already subscribed to list Trial users. Click here to update your profile.
Error!
	Code=220
	Msg="johnmurray1951@hotmail.co" has been banned
Error!
	Code=214
	Msg=shashanabenz@gmail.com is already subscribed to list Trial users. Click here to update your profile.
Error!
	Code=214
	Msg=paul_petersen@pacbell.net is already subscribed to list Trial users. Click here to update your profile.
Error!
	Code=214
	Msg=paul_petersen@pacbell.net is already subscribed to list Trial users. Click here to update your profile.
Error!
	Code=214
	Msg=richard.french@wpaog.org is already subscribed to list Trial users. Click here to update your profile.
Error!
	Code=214
	Msg=aneamtu@secc.org is already subscribed to list Trial users. Click here to update your profile.
Error!
	Code=214
	Msg=atiwari@cars.com is already subscribed to list Trial users. Click here to update your profile.
Error!
	Code=214
	Msg=paulisthoward@gmail.com is already subscribed to list Trial users. Click here to update your profile.
Error!
	Code=214
	Msg=andymanoh@yahoo.com is already subscribed to the list.
Error!
	Code=214
	Msg=chrisgaet@outlook.com is already subscribed to the list.
Error!
	Code=220
	Msg="B@B.com" has been banned
Error!
	Code=214
	Msg=yariki@i.ua is already subscribed to the list.
Error!
	Code=214
	Msg=mr.ibrahem_55@hotmail.com is already subscribed to the list.
Error!
	Code=214
	Msg=mr.ibrahem_55@hotmail.com is already subscribed to the list.
Error!
	Code=214
	Msg=mr.ibrahem_55@hotmail.com is already subscribed to the list.
Error!
	Code=214
	Msg=danalexanderpc@outlook.com is already subscribed to the list.
Error!
	Code=214
	Msg=richard.french@wpaog.org is already subscribed to the list.
Error!
	Code=214
	Msg=Kevin.Justice@MaticeInteractive.com is already subscribed to the list.
Error!
	Code=214
	Msg=jharbauer@rogers.com is already subscribed to the list.
Error!
	Code=214
	Msg=michaelf@rmt.com.au is already subscribed to the list.
Error!
	Code=214
	Msg=thomas.kropf@qlik.com is already subscribed to the list.
Error!
	Code=214
	Msg=sylvie.teissonnier@hotmail.fr is already subscribed to the list.
Error!
	Code=214
	Msg=ishafof77@outlook.com is already subscribed to the list.
Error!
	Code=214
	Msg=rwatsford@barwonhealth.org.au is already subscribed to the list.
Error!
	Code=214
	Msg=rwatsford@barwonhealth.org.au is already subscribed to the list.
Error!
	Code=214
	Msg=rwatsford@barwonhealth.org.au is already subscribed to the list.
Error!
	Code=214
	Msg=mmilhem@ammroc.ae is already subscribed to the list.
Error!
	Code=214
	Msg=mmilhem@ammroc.ae is already subscribed to the list.
Error!
	Code=214
	Msg=titietlenet@hotmail.com is already subscribed to the list.
Error!
	Code=214
	Msg=gchichester@wilk.us.com is already subscribed to the list.
Error!
	Code=214
	Msg=jsosebee@secc.org is already subscribed to the list.
Error!
	Code=214
	Msg=jacque@waltersisland.com is already subscribed to the list.
Error!
	Code=214
	Msg=ea@komsol.eu is already subscribed to the list.
Error!
	Code=214
	Msg=ea@komsol.eu is already subscribed to the list.
Error!
	Code=214
	Msg=brianbonga@outlook.com is already subscribed to the list.
Error!
	Code=214
	Msg=arthurmcmahon@hotmail.com is already subscribed to the list.
Error!
	Code=214
	Msg=fsalih@gmail.com is already subscribed to the list.
Error!
	Code=214
	Msg=cheikhamedtidiane@outlook.com is already subscribed to the list.
Error!
	Code=214
	Msg=truc@plouf.com is already subscribed to the list.
Error!
	Code=214
	Msg=receipt@kotrachicago.com is already subscribed to the list.
Error!
	Code=214
	Msg=mauriceg14@gmail.com is already subscribed to the list.
Error!
	Code=214
	Msg=mahmed@alghanim.com is already subscribed to the list.
Error!
	Code=214
	Msg=moilette@khulisa.org.za is already subscribed to the list.
Error!
	Code=214
	Msg=brianbonga@outlook.com is already subscribed to the list.
Error!
	Code=214
	Msg=jaredkellum@hotmail.com is already subscribed to the list.
Error!
	Code=214
	Msg=james@premiumislandvacations.com is already subscribed to the list.
Error!
	Code=-100
	Msg=This email address looks fake or invalid. Please enter a real email address
Error!
	Code=214
	Msg=vpayette@gmail.com is already subscribed to the list.
Error!
	Code=214
	Msg=anthony@watt.mail.com is already subscribed to the list.
Error!
	Code=214
	Msg=magnus.carstam@drivhuset.se is already subscribed to the list.
Error!
	Code=214
	Msg=stuart.kemp@bizadvize.biz is already subscribed to the list.
Error!
	Code=214
	Msg=sassja.jangard@debugger.se is already subscribed to the list.
Error!
	Code=214
	Msg=mithilesh@lntecc.ae is already subscribed to the list.
Error!
	Code=220
	Msg="abc@yahoo.com" has been banned
Error!
	Code=214
	Msg=colin.laphan@artdeco.org.uk is already subscribed to the list.
Error!
	Code=0
	Msg=We received an unexpected error: null
Error!
	Code=214
	Msg=Canaries65@outlook.com is already subscribed to the list.
Error!
	Code=214
	Msg=hedvaker@gmail.com is already subscribed to the list.
Error!
	Code=214
	Msg=ltimsl@gmail.com is already subscribed to the list.
Error!
	Code=214
	Msg=Canaries65@outlook.com is already subscribed to the list.
Error!
	Code=220
	Msg="abc@gmail.com" has been banned
Error!
	Code=214
	Msg=chueawangrak@psmail.net is already subscribed to the list.
Error!
	Code=220
	Msg=Signup disabled for "test@yahoo.com"
Error!
	Code=214
	Msg=jplinvancouver@gmail.com is already subscribed to the list.
Error!
	Code=-100
	Msg=This email address looks fake or invalid. Please enter a real email address
Error!
	Code=214
	Msg=ido@ardag.co.il is already subscribed to the list.
Error!
	Code=214
	Msg=mikecarruth@gmail.com is already subscribed to the list.
Error!
	Code=214
	Msg=mariejo93941@hotmail.fr is already subscribed to the list.
Error!
	Code=214
	Msg=rajesh@saiprint.co is already subscribed to the list.
Error!
	Code=214
	Msg=scottgroethe@gmail.com is already subscribed to the list.
Error!
	Code=214
	Msg=grahama@opencrm.co.uk is already subscribed to the list.
Error!
	Code=214
	Msg=tomahawk242@hotmail.com is already subscribed to the list.
Error!
	Code=214
	Msg=norm@cipg.ca is already subscribed to the list.
Error!
	Code=214
	Msg=johnpedroza@att.net is already subscribed to the list.
Error!
	Code=214
	Msg=jmc20148@msn.com is already subscribed to the list.
Error!
	Code=214
	Msg=njmaglione@google.com is already subscribed to the list.
Error!
	Code=214
	Msg=belozerovbv@gmail.com is already subscribed to the list.
Error!
	Code=214
	Msg=Charles.franklin@outlook.com is already subscribed to the list.
Error!
	Code=214
	Msg=melanie.thomas@abramsart.com is already subscribed to the list.
Error!
	Code=214
	Msg=hkendig@bu.edu is already subscribed to the list.
Error!
	Code=214
	Msg=ersin.ertugral69@outlook.com is already subscribed to the list.
Error!
	Code=220
	Msg=Signup disabled for "123@123.com"
Error!
	Code=214
	Msg=team@newclients4u.com is already subscribed to the list.
Error!
	Code=214
	Msg=team@newclients4u.com is already subscribed to the list.
Error!
	Code=214
	Msg=info@abc-rent-car.de is already subscribed to the list.
Error!
	Code=214
	Msg=team@newclients4u.com is already subscribed to the list.
Error!
	Code=214
	Msg=team@newclients4u.com is already subscribed to the list.
Error!
	Code=214
	Msg=shelley.schwartz@sap.com is already subscribed to the list.
Error!
	Code=220
	Msg=Signup disabled for "ragabdebirs@hotmail.con"
Error!
	Code=214
	Msg=team@newclients4u.com is already subscribed to the list.
Error!
	Code=214
	Msg=rochford@pacbell.net is already subscribed to the list.
Error!
	Code=220
	Msg=Signup disabled for "123@123.com"
Error!
	Code=214
	Msg=j.taylor757@ntlworld.com is already subscribed to the list.
Error!
	Code=214
	Msg=richard@stichtsbeheer.nl is already subscribed to the list.
Error!
	Code=214
	Msg=cuong@doandrickles.com is already subscribed to the list.
Error!
	Code=214
	Msg=cb@menzel-skandinavien.se is already subscribed to the list.
Error!
	Code=214
	Msg=martin.wranne@sfbio.se is already subscribed to the list.
Error!
	Code=214
	Msg=mfuchs@mtucker.com is already subscribed to the list.
Error!
	Code=214
	Msg=mfuchs@mtucker.com is already subscribed to the list.
Error!
	Code=214
	Msg=matutej@aol.com is already subscribed to the list.
Error!
	Code=214
	Msg=a5055543@bezeqint.net is already subscribed to the list.
Error!
	Code=214
	Msg=a5055543@bezeqint.net is already subscribed to the list.
Error!
	Code=214
	Msg=kw@compmort.com is already subscribed to the list.
Error!
	Code=214
	Msg=info@abc-rent-car.de is already subscribed to the list.
Error!
	Code=214
	Msg=a5055543@bezeqint.net is already subscribed to the list.
Error!
	Code=214
	Msg=a5055543@bezeqint.net is already subscribed to the list.
Error!
	Code=214
	Msg=a5055543@bezeqint.net is already subscribed to the list.
Error!
	Code=214
	Msg=a5055543@bezeqint.net is already subscribed to the list.
Error!
	Code=214
	Msg=a5055543@bezeqint.net is already subscribed to the list.
Error!
	Code=214
	Msg=s.speckenheuer@posservice.de is already subscribed to the list.
Error!
	Code=214
	Msg=aballew@furmanco.com is already subscribed to the list.
Error!
	Code=214
	Msg=3zhqxprx5zbm9fa@jetable.org is already subscribed to the list.
Error!
	Code=214
	Msg=michael.steffen@dnse.com is already subscribed to the list.
Error!
	Code=214
	Msg=info@humanlab.it is already subscribed to the list.
Error!
	Code=214
	Msg=aballew@furmanco.com is already subscribed to the list.
Error!
	Code=214
	Msg=aballew@furmanco.com is already subscribed to the list.
Error!
	Code=214
	Msg=idaht25@gmail.com is already subscribed to the list.
Error!
	Code=214
	Msg=md@sharetucare.com is already subscribed to the list.
Error!
	Code=214
	Msg=rik.kinney@aofl.com is already subscribed to the list.
Error!
	Code=214
	Msg=mickael.adam@groupe-asten.fr is already subscribed to the list.
Error!
	Code=214
	Msg=g.fotopoulos@help.com.gr is already subscribed to the list.
Error!
	Code=214
	Msg=thulsip@gmail.com is already subscribed to the list.
Error!
	Code=-100
	Msg=The domain portion of the email address is invalid (the portion after the @: outlook.comp2FX)
Error!
	Code=214
	Msg=rahmanacc2@gmail.com is already subscribed to the list.
Error!
	Code=214
	Msg=blancheroll@outlook.com is already subscribed to the list.
Error!
	Code=214
	Msg=youth@moys.gov.qa is already subscribed to the list.
Error!
	Code=214
	Msg=1977sander@live.nl is already subscribed to the list.
Error!
	Code=214
	Msg=larry.rogers@gogsg.com is already subscribed to the list.
Error!
	Code=214
	Msg=mikecarruth@gmail.com is already subscribed to the list.
Error!
	Code=214
	Msg=neriman.abbasov@dreamland.az is already subscribed to the list.
Error!
	Code=214
	Msg=hkarim@ammroc.ae is already subscribed to the list.
Error!
	Code=214
	Msg=kgotsomakoe@outlook.co.za is already subscribed to the list.
Error!
	Code=214
	Msg=kgotsomakoe@outlook.co.za is already subscribed to the list.
Error!
	Code=214
	Msg=roixsynesis1@gmail.com is already subscribed to the list.
Error!
	Code=214
	Msg=info@adventuresinlebanon.com is already subscribed to the list.
Error!
	Code=214
	Msg=getmoreleadsnow2@gmail.com is already subscribed to the list.
Error!
	Code=214
	Msg=getmoreleadsnow2@gmail.com is already subscribed to the list.
Error!
	Code=214
	Msg=hettaotto@outlook.com is already subscribed to the list.
Error!
	Code=214
	Msg=elvacornelius@outlook.com is already subscribed to the list.
Error!
	Code=214
	Msg=hamburgmedical@outlook.com is already subscribed to the list.
Error!
	Code=214
	Msg=abhayg2007@gmail.com is already subscribed to the list.
Error!
	Code=214
	Msg=abhayg2007@gmail.com is already subscribed to the list.
Error!
	Code=220
	Msg=Signup disabled for "a@b.com"
Error!
	Code=214
	Msg=coenraadrhodas@spesecurity.co.za is already subscribed to the list.
Error!
	Code=214
	Msg=coenraadrhodas@spesecurity.co.za is already subscribed to the list.
Error!
	Code=214
	Msg=coenraadrhodas@spesecurity.co.za is already subscribed to the list.
Error!
	Code=214
	Msg=justinjackman@outlook.com is already subscribed to the list.
Error!
	Code=214
	Msg=hiltonsite@outlook.com is already subscribed to the list.
Error!
	Code=214
	Msg=alex.sweeney@crowley.com is already subscribed to the list.
Error!
	Code=214
	Msg=mhontomajambe@gmail.com is already subscribed to the list.
Error!
	Code=214
	Msg=melanie.thomas@abramsart.com is already subscribed to the list.
Error!
	Code=214
	Msg=eyyu@012.net.il is already subscribed to the list.
Error!
	Code=214
	Msg=amtcil@outlook.com is already subscribed to the list.
Error!
	Code=214
	Msg=rocohen@isdn.net.il is already subscribed to the list.
Error!
	Code=214
	Msg=2014380@kccec.com.kw is already subscribed to the list.
Error!
	Code=214
	Msg=steven.middleton@emc.com is already subscribed to the list.
Error!
	Code=214
	Msg=getmoreleadsnow2@gmail.com is already subscribed to the list.
Error!
	Code=214
	Msg=alex.sweeney@crowley.com is already subscribed to the list.
Error!
	Code=214
	Msg=getmoreleadsnow3@gmail.com is already subscribed to the list.
Error!
	Code=214
	Msg=p.petroskevicius@gmail.com is already subscribed to the list.
Error!
	Code=214
	Msg=morad86elhusini@outlook.com is already subscribed to the list.
Error!
	Code=214
	Msg=sanele.khumalo@naccw.org.za is already subscribed to the list.
Error!
	Code=214
	Msg=jcmn@netcabo.pt is already subscribed to the list.
Error!
	Code=220
	Msg=Signup disabled for "TBans1936@einrot.com"
Error!
	Code=214
	Msg=zulus1@kznwildlife.com is already subscribed to the list.
Error!
	Code=214
	Msg=st1061140058@aths.ac.ae is already subscribed to the list.
Error!
	Code=214
	Msg=irismoore@hotmail.com is already subscribed to the list.
Error!
	Code=214
	Msg=tracy@ocular.com.sg is already subscribed to the list.
Error!
	Code=214
	Msg=sj.park@kotrachicago.com is already subscribed to the list.
Error!
	Code=214
	Msg=amiraue@hotmail.com is already subscribed to the list.
Error!
	Code=214
	Msg=vistancepanelbeater@gmail.com is already subscribed to the list.
Error!
	Code=220
	Msg=Signup disabled for "tmburke07@gmil.com"
Error!
	Code=214
	Msg=tloun@outlook.com is already subscribed to the list.
Error!
	Code=214
	Msg=iarsf@comcast.net is already subscribed to the list.
Error!
	Code=214
	Msg=iarsf@comcast.net is already subscribed to the list.
Error!
	Code=214
	Msg=iarsf@comcast.net is already subscribed to the list.
Error!
	Code=214
	Msg=abrahimaboyazan@yahoo.com is already subscribed to the list.
Error!
	Code=214
	Msg=realtouchpune@gmail.com is already subscribed to the list.
Error!
	Code=214
	Msg=vivekanandpp@hotmail.com is already subscribed to the list.
Error!
	Code=214
	Msg=pierre@stouf.com is already subscribed to the list.
Error!
	Code=220
	Msg=Signup disabled for "asdf@asdf.com"
Error!
	Code=214
	Msg=am.jood.98@hotmail.com is already subscribed to the list.
Error!
	Code=214
	Msg=Johnk@starks.com is already subscribed to the list.
Error!
	Code=214
	Msg=ingeborg_liebert@hotmail.com is already subscribed to the list.
Error!
	Code=-100
	Msg=This email address looks fake or invalid. Please enter a real email address
Error!
	Code=214
	Msg=PaulKealoha@gmail.com is already subscribed to the list.
Error!
	Code=214
	Msg=claire@merriman.co.uk is already subscribed to the list.
Error!
	Code=214
	Msg=iarsf@comcast.net is already subscribed to the list.
Error!
	Code=214
	Msg=oscar_cunliffe@dell.com is already subscribed to the list.
Error!
	Code=214
	Msg=info@starksem.com is already subscribed to the list.
Error!
	Code=214
	Msg=info@starksem.com is already subscribed to the list.
Error!
	Code=214
	Msg=ASavenko@slb.com is already subscribed to the list.
Error!
	Code=214
	Msg=darmawan.avsec@aviastar.id is already subscribed to the list.
Error!
	Code=214
	Msg=info@starksem.com is already subscribed to the list.
Error!
	Code=214
	Msg=rjagars@merittp.com is already subscribed to the list.
Error!
	Code=214
	Msg=dmathab4@gmail.com is already subscribed to the list.
Error!
	Code=214
	Msg=dmathab4@gmail.com is already subscribed to the list.
Error!
	Code=214
	Msg=umair.riaz@emc.com is already subscribed to the list.
Error!
	Code=214
	Msg=umair.riaz@emc.com is already subscribed to the list.
Error!
	Code=214
	Msg=ghtahir@dsc.gov.ae is already subscribed to the list.
Error!
	Code=214
	Msg=maliceenvy1@outlook.com is already subscribed to the list.
Error!
	Code=214
	Msg=Peter2150@aol.com is already subscribed to the list.
Error!
	Code=214
	Msg=jmaines@headwaters.com is already subscribed to the list.
Error!
	Code=214
	Msg=refat1955@hotmail.com is already subscribed to the list.
Error!
	Code=214
	Msg=neronusa@gmail.com is already subscribed to the list.
Error!
	Code=214
	Msg=umasiva21@outlook.com is already subscribed to the list.
Error!
	Code=220
	Msg=Signup disabled for "moisehachim@hotmai.com"
Error!
	Code=220
	Msg=Signup disabled for "moisehachim@hotmai.com"
Error!
	Code=214
	Msg=johnsonnewell@gmail.com is already subscribed to the list.
Error!
	Code=214
	Msg=mna-o_1999@hotmail.com is already subscribed to the list.
Error!
	Code=214
	Msg=mike@saegertlaw.com is already subscribed to the list.
Error!
	Code=214
	Msg=aidq.assist@gmail.com is already subscribed to the list.
Error!
	Code=214
	Msg=sivasankar.as@gmail.com is already subscribed to the list.
Error!
	Code=220
	Msg=Signup disabled for "nemar-2233@hotmil.com"
Error!
	Code=214
	Msg=La.int@hotmail.com is already subscribed to the list.
Error!
	Code=214
	Msg=hellal6@hotmail.com is already subscribed to the list.
Error!
	Code=214
	Msg=dinesh@safetechdoha.com is already subscribed to the list.
Error!
	Code=214
	Msg=dinesh@safetechdoha.com is already subscribed to the list.
Error!
	Code=214
	Msg=dinesh@safetechdoha.com is already subscribed to the list.
Error!
	Code=214
	Msg=saheenanissam@gmail.com is already subscribed to the list.
Error!
	Code=214
	Msg=schlosser@inertis.ch is already subscribed to the list.
Error!
	Code=0
	Msg=API call to lists/list failed: Unknown SSL protocol error in connection to us8.api.mailchimp.com:443 
Error!
	Code=214
	Msg=a.matti@reply.it is already subscribed to the list.
Error!
	Code=214
	Msg=Sheikhwaqas604@gmail.com is already subscribed to the list.
Error!
	Code=214
	Msg=schlosser@inertis.ch is already subscribed to the list.
Error!
	Code=214
	Msg=larry@barry.net is already subscribed to the list.
Error!
	Code=-100
	Msg=This email address looks fake or invalid. Please enter a real email address
